# JRE version: OpenJDK Runtime Environment (11.0.15) (build 11.0.15+0-b2043.56-9505619)
# Java VM: OpenJDK 64-Bit Server VM (11.0.15+0-b2043.56-9505619, mixed mode, tiered, compressed oops, g1 gc, windows-amd64)
Heap:
 garbage-first heap   total 531456K, used 187391K [0x0000000080000000, 0x0000000100000000)
  region size 1024K, 8 young (8192K), 8 survivors (8192K)
 Metaspace       used 118894K, capacity 122754K, committed 123036K, reserved 1155072K
  class space    used 15290K, capacity 16836K, committed 16920K, reserved 1048576K
GC Heap History (20 events):
Event: 198.160 GC heap after
{Heap after GC invocations=105 (full 0):
 garbage-first heap   total 172032K, used 144257K [0x0000000080000000, 0x0000000100000000)
  region size 1024K, 2 young (2048K), 2 survivors (2048K)
 Metaspace       used 116775K, capacity 120475K, committed 120604K, reserved 1153024K
  class space    used 15008K, capacity 16480K, committed 16536K, reserved 1048576K
}
Event: 198.317 GC heap before
{Heap before GC invocations=105 (full 0):
 garbage-first heap   total 172032K, used 149377K [0x0000000080000000, 0x0000000100000000)
  region size 1024K, 8 young (8192K), 2 survivors (2048K)
 Metaspace       used 116778K, capacity 120475K, committed 120604K, reserved 1153024K
  class space    used 15009K, capacity 16480K, committed 16536K, reserved 1048576K
}
Event: 198.323 GC heap after
{Heap after GC invocations=106 (full 0):
 garbage-first heap   total 172032K, used 145276K [0x0000000080000000, 0x0000000100000000)
  region size 1024K, 1 young (1024K), 1 survivors (1024K)
 Metaspace       used 116778K, capacity 120475K, committed 120604K, reserved 1153024K
  class space    used 15009K, capacity 16480K, committed 16536K, reserved 1048576K
}
Event: 198.344 GC heap before
{Heap before GC invocations=106 (full 0):
 garbage-first heap   total 172032K, used 152444K [0x0000000080000000, 0x0000000100000000)
  region size 1024K, 8 young (8192K), 1 survivors (1024K)
 Metaspace       used 116778K, capacity 120475K, committed 120604K, reserved 1153024K
  class space    used 15009K, capacity 16480K, committed 16536K, reserved 1048576K
}
Event: 198.355 GC heap after
{Heap after GC invocations=107 (full 0):
 garbage-first heap   total 206848K, used 146244K [0x0000000080000000, 0x0000000100000000)
  region size 1024K, 1 young (1024K), 1 survivors (1024K)
 Metaspace       used 116778K, capacity 120475K, committed 120604K, reserved 1153024K
  class space    used 15009K, capacity 16480K, committed 16536K, reserved 1048576K
}
Event: 198.775 GC heap before
{Heap before GC invocations=107 (full 0):
 garbage-first heap   total 206848K, used 165700K [0x0000000080000000, 0x0000000100000000)
  region size 1024K, 20 young (20480K), 1 survivors (1024K)
 Metaspace       used 116830K, capacity 120442K, committed 120604K, reserved 1153024K
  class space    used 15006K, capacity 16470K, committed 16536K, reserved 1048576K
}
Event: 198.786 GC heap after
{Heap after GC invocations=108 (full 0):
 garbage-first heap   total 206848K, used 149124K [0x0000000080000000, 0x0000000100000000)
  region size 1024K, 3 young (3072K), 3 survivors (3072K)
 Metaspace       used 116830K, capacity 120442K, committed 120604K, reserved 1153024K
  class space    used 15006K, capacity 16470K, committed 16536K, reserved 1048576K
}
Event: 199.009 GC heap before
{Heap before GC invocations=109 (full 0):
 garbage-first heap   total 206848K, used 166532K [0x0000000080000000, 0x0000000100000000)
  region size 1024K, 21 young (21504K), 3 survivors (3072K)
 Metaspace       used 116873K, capacity 120484K, committed 120604K, reserved 1153024K
  class space    used 15017K, capacity 16482K, committed 16536K, reserved 1048576K
}
Event: 199.018 GC heap after
{Heap after GC invocations=110 (full 0):
 garbage-first heap   total 206848K, used 151988K [0x0000000080000000, 0x0000000100000000)
  region size 1024K, 3 young (3072K), 3 survivors (3072K)
 Metaspace       used 116873K, capacity 120484K, committed 120604K, reserved 1153024K
  class space    used 15017K, capacity 16482K, committed 16536K, reserved 1048576K
}
Event: 199.050 GC heap before
{Heap before GC invocations=110 (full 0):
 garbage-first heap   total 206848K, used 158132K [0x0000000080000000, 0x0000000100000000)
  region size 1024K, 10 young (10240K), 3 survivors (3072K)
 Metaspace       used 116888K, capacity 120560K, committed 120860K, reserved 1153024K
  class space    used 15021K, capacity 16486K, committed 16536K, reserved 1048576K
}
Event: 199.060 GC heap after
{Heap after GC invocations=111 (full 0):
 garbage-first heap   total 206848K, used 149568K [0x0000000080000000, 0x0000000100000000)
  region size 1024K, 2 young (2048K), 2 survivors (2048K)
 Metaspace       used 116888K, capacity 120560K, committed 120860K, reserved 1153024K
  class space    used 15021K, capacity 16486K, committed 16536K, reserved 1048576K
}
Event: 199.323 GC heap before
{Heap before GC invocations=111 (full 0):
 garbage-first heap   total 206848K, used 168000K [0x0000000080000000, 0x0000000100000000)
  region size 1024K, 20 young (20480K), 2 survivors (2048K)
 Metaspace       used 117155K, capacity 120875K, committed 121244K, reserved 1155072K
  class space    used 15050K, capacity 16546K, committed 16664K, reserved 1048576K
}
Event: 199.337 GC heap after
{Heap after GC invocations=112 (full 0):
 garbage-first heap   total 327680K, used 151939K [0x0000000080000000, 0x0000000100000000)
  region size 1024K, 3 young (3072K), 3 survivors (3072K)
 Metaspace       used 117155K, capacity 120875K, committed 121244K, reserved 1155072K
  class space    used 15050K, capacity 16546K, committed 16664K, reserved 1048576K
}
Event: 200.489 GC heap before
{Heap before GC invocations=112 (full 0):
 garbage-first heap   total 327680K, used 224643K [0x0000000080000000, 0x0000000100000000)
  region size 1024K, 75 young (76800K), 3 survivors (3072K)
 Metaspace       used 118228K, capacity 122017K, committed 122140K, reserved 1155072K
  class space    used 15188K, capacity 16707K, committed 16792K, reserved 1048576K
}
Event: 200.505 GC heap after
{Heap after GC invocations=113 (full 0):
 garbage-first heap   total 327680K, used 160657K [0x0000000080000000, 0x0000000100000000)
  region size 1024K, 10 young (10240K), 10 survivors (10240K)
 Metaspace       used 118228K, capacity 122017K, committed 122140K, reserved 1155072K
  class space    used 15188K, capacity 16707K, committed 16792K, reserved 1048576K
}
Event: 201.353 GC heap before
{Heap before GC invocations=113 (full 0):
 garbage-first heap   total 327680K, used 235409K [0x0000000080000000, 0x0000000100000000)
  region size 1024K, 83 young (84992K), 10 survivors (10240K)
 Metaspace       used 118595K, capacity 122430K, committed 122780K, reserved 1155072K
  class space    used 15268K, capacity 16800K, committed 16920K, reserved 1048576K
}
Event: 201.380 GC heap after
{Heap after GC invocations=114 (full 0):
 garbage-first heap   total 327680K, used 169851K [0x0000000080000000, 0x0000000100000000)
  region size 1024K, 11 young (11264K), 11 survivors (11264K)
 Metaspace       used 118595K, capacity 122430K, committed 122780K, reserved 1155072K
  class space    used 15268K, capacity 16800K, committed 16920K, reserved 1048576K
}
Event: 202.069 GC heap before
{Heap before GC invocations=114 (full 0):
 garbage-first heap   total 327680K, used 242555K [0x0000000080000000, 0x0000000100000000)
  region size 1024K, 83 young (84992K), 11 survivors (11264K)
 Metaspace       used 118802K, capacity 122672K, committed 122780K, reserved 1155072K
  class space    used 15282K, capacity 16832K, committed 16920K, reserved 1048576K
}
Event: 202.099 GC heap after
{Heap after GC invocations=115 (full 0):
 garbage-first heap   total 327680K, used 180868K [0x0000000080000000, 0x0000000100000000)
  region size 1024K, 11 young (11264K), 11 survivors (11264K)
 Metaspace       used 118802K, capacity 122672K, committed 122780K, reserved 1155072K
  class space    used 15282K, capacity 16832K, committed 16920K, reserved 1048576K
}
Event: 202.779 GC heap before
{Heap before GC invocations=115 (full 0):
 garbage-first heap   total 327680K, used 252548K [0x0000000080000000, 0x0000000100000000)
  region size 1024K, 82 young (83968K), 11 survivors (11264K)
 Metaspace       used 118894K, capacity 122754K, committed 123036K, reserved 1155072K
  class space    used 15290K, capacity 16836K, committed 16920K, reserved 1048576K
}

